Started GET "/" for 127.0.0.1 at 2022-02-01 20:49:42 +0100
  [1m[35m (4.8ms)[0m  [1m[34mSELECT sqlite_version(*)[0m
Processing by Rails::WelcomeController#index as HTML
  Rendering /home/emmy/.rbenv/versions/3.1.0/lib/ruby/gems/3.1.0/gems/railties-7.0.1/lib/rails/templates/rails/welcome/index.html.erb
  Rendered /home/emmy/.rbenv/versions/3.1.0/lib/ruby/gems/3.1.0/gems/railties-7.0.1/lib/rails/templates/rails/welcome/index.html.erb (Duration: 3.7ms | Allocations: 874)
Completed 200 OK in 71ms (Views: 18.8ms | ActiveRecord: 0.0ms | Allocations: 7912)


Started GET "//welcome/home" for 127.0.0.1 at 2022-02-01 21:26:00 +0100
  
ActionController::RoutingError (uninitialized constant WelcomeController

      Object.const_get(camel_cased_word)
            ^^^^^^^^^^

            raise MissingController.new(error.message, error.name)
            ^^^^^):
  
Started GET "/welcome/home" for 127.0.0.1 at 2022-02-01 21:26:24 +0100
  
ActionController::RoutingError (uninitialized constant WelcomeController

      Object.const_get(camel_cased_word)
            ^^^^^^^^^^

            raise MissingController.new(error.message, error.name)
            ^^^^^):
  
Started GET "/welcome/home" for 127.0.0.1 at 2022-02-01 21:28:18 +0100
  
ActionController::RoutingError (uninitialized constant WelcomeController

      Object.const_get(camel_cased_word)
            ^^^^^^^^^^

            raise MissingController.new(error.message, error.name)
            ^^^^^):
  
Started GET "/welcome/home" for 127.0.0.1 at 2022-02-01 21:31:18 +0100
  
AbstractController::ActionNotFound (The action 'home' could not be found for WelcomeController):
  
actionpack (7.0.1) lib/abstract_controller/base.rb:146:in `process'
actionview (7.0.1) lib/action_view/rendering.rb:39:in `process'
actionpack (7.0.1) lib/action_controller/metal.rb:188:in `dispatch'
actionpack (7.0.1) lib/action_controller/metal.rb:251:in `dispatch'
actionpack (7.0.1) lib/action_dispatch/routing/route_set.rb:49:in `dispatch'
actionpack (7.0.1) lib/action_dispatch/routing/route_set.rb:32:in `serve'
actionpack (7.0.1) lib/action_dispatch/journey/router.rb:50:in `block in serve'
actionpack (7.0.1) lib/action_dispatch/journey/router.rb:32:in `each'
actionpack (7.0.1) lib/action_dispatch/journey/router.rb:32:in `serve'
actionpack (7.0.1) lib/action_dispatch/routing/route_set.rb:850:in `call'
rack (2.2.3) lib/rack/tempfile_reaper.rb:15:in `call'
rack (2.2.3) lib/rack/etag.rb:27:in `call'
rack (2.2.3) lib/rack/conditional_get.rb:27:in `call'
rack (2.2.3) lib/rack/head.rb:12:in `call'
actionpack (7.0.1) lib/action_dispatch/http/permissions_policy.rb:22:in `call'
actionpack (7.0.1) lib/action_dispatch/http/content_security_policy.rb:18:in `call'
rack (2.2.3) lib/rack/session/abstract/id.rb:266:in `context'
rack (2.2.3) lib/rack/session/abstract/id.rb:260:in `call'
actionpack (7.0.1) lib/action_dispatch/middleware/cookies.rb:693:in `call'
activerecord (7.0.1) lib/active_record/migration.rb:603:in `call'
actionpack (7.0.1) lib/action_dispatch/middleware/callbacks.rb:27:in `block in call'
activesupport (7.0.1) lib/active_support/callbacks.rb:99:in `run_callbacks'
actionpack (7.0.1) lib/action_dispatch/middleware/callbacks.rb:26:in `call'
actionpack (7.0.1) lib/action_dispatch/middleware/executor.rb:14:in `call'
actionpack (7.0.1) lib/action_dispatch/middleware/actionable_exceptions.rb:17:in `call'
actionpack (7.0.1) lib/action_dispatch/middleware/debug_exceptions.rb:28:in `call'
web-console (4.2.0) lib/web_console/middleware.rb:132:in `call_app'
web-console (4.2.0) lib/web_console/middleware.rb:28:in `block in call'
web-console (4.2.0) lib/web_console/middleware.rb:17:in `catch'
web-console (4.2.0) lib/web_console/middleware.rb:17:in `call'
actionpack (7.0.1) lib/action_dispatch/middleware/show_exceptions.rb:26:in `call'
railties (7.0.1) lib/rails/rack/logger.rb:36:in `call_app'
railties (7.0.1) lib/rails/rack/logger.rb:25:in `block in call'
activesupport (7.0.1) lib/active_support/tagged_logging.rb:99:in `block in tagged'
activesupport (7.0.1) lib/active_support/tagged_logging.rb:37:in `tagged'
activesupport (7.0.1) lib/active_support/tagged_logging.rb:99:in `tagged'
railties (7.0.1) lib/rails/rack/logger.rb:25:in `call'
sprockets-rails (3.4.2) lib/sprockets/rails/quiet_assets.rb:13:in `call'
actionpack (7.0.1) lib/action_dispatch/middleware/remote_ip.rb:93:in `call'
actionpack (7.0.1) lib/action_dispatch/middleware/request_id.rb:26:in `call'
rack (2.2.3) lib/rack/method_override.rb:24:in `call'
rack (2.2.3) lib/rack/runtime.rb:22:in `call'
activesupport (7.0.1) lib/active_support/cache/strategy/local_cache_middleware.rb:29:in `call'
actionpack (7.0.1) lib/action_dispatch/middleware/server_timing.rb:20:in `call'
actionpack (7.0.1) lib/action_dispatch/middleware/executor.rb:14:in `call'
actionpack (7.0.1) lib/action_dispatch/middleware/static.rb:23:in `call'
rack (2.2.3) lib/rack/sendfile.rb:110:in `call'
actionpack (7.0.1) lib/action_dispatch/middleware/host_authorization.rb:137:in `call'
railties (7.0.1) lib/rails/engine.rb:530:in `call'
puma (5.6.1) lib/puma/configuration.rb:252:in `call'
puma (5.6.1) lib/puma/request.rb:77:in `block in handle_request'
puma (5.6.1) lib/puma/thread_pool.rb:340:in `with_force_shutdown'
puma (5.6.1) lib/puma/request.rb:76:in `handle_request'
puma (5.6.1) lib/puma/server.rb:441:in `process_client'
puma (5.6.1) lib/puma/thread_pool.rb:147:in `block in spawn_thread'
Started GET "/welcome/home" for 127.0.0.1 at 2022-02-01 21:32:43 +0100
Processing by WelcomeController#home as HTML
Completed 406 Not Acceptable in 2ms (Allocations: 698)


  
ActionController::MissingExactTemplate (WelcomeController#home is missing a template for request formats: text/html):
  
actionpack (7.0.1) lib/action_controller/metal/implicit_render.rb:45:in `default_render'
actionpack (7.0.1) lib/action_controller/metal/basic_implicit_render.rb:6:in `block in send_action'
<internal:kernel>:90:in `tap'
actionpack (7.0.1) lib/action_controller/metal/basic_implicit_render.rb:6:in `send_action'
actionpack (7.0.1) lib/abstract_controller/base.rb:214:in `process_action'
actionpack (7.0.1) lib/action_controller/metal/rendering.rb:53:in `process_action'
actionpack (7.0.1) lib/abstract_controller/callbacks.rb:234:in `block in process_action'
activesupport (7.0.1) lib/active_support/callbacks.rb:118:in `block in run_callbacks'
actiontext (7.0.1) lib/action_text/rendering.rb:20:in `with_renderer'
actiontext (7.0.1) lib/action_text/engine.rb:69:in `block (4 levels) in <class:Engine>'
activesupport (7.0.1) lib/active_support/callbacks.rb:127:in `instance_exec'
activesupport (7.0.1) lib/active_support/callbacks.rb:127:in `block in run_callbacks'
activesupport (7.0.1) lib/active_support/callbacks.rb:138:in `run_callbacks'
actionpack (7.0.1) lib/abstract_controller/callbacks.rb:233:in `process_action'
actionpack (7.0.1) lib/action_controller/metal/rescue.rb:22:in `process_action'
actionpack (7.0.1) lib/action_controller/metal/instrumentation.rb:67:in `block in process_action'
activesupport (7.0.1) lib/active_support/notifications.rb:206:in `block in instrument'
activesupport (7.0.1) lib/active_support/notifications/instrumenter.rb:24:in `instrument'
activesupport (7.0.1) lib/active_support/notifications.rb:206:in `instrument'
actionpack (7.0.1) lib/action_controller/metal/instrumentation.rb:66:in `process_action'
actionpack (7.0.1) lib/action_controller/metal/params_wrapper.rb:259:in `process_action'
activerecord (7.0.1) lib/active_record/railties/controller_runtime.rb:27:in `process_action'
actionpack (7.0.1) lib/abstract_controller/base.rb:151:in `process'
actionview (7.0.1) lib/action_view/rendering.rb:39:in `process'
actionpack (7.0.1) lib/action_controller/metal.rb:188:in `dispatch'
actionpack (7.0.1) lib/action_controller/metal.rb:251:in `dispatch'
actionpack (7.0.1) lib/action_dispatch/routing/route_set.rb:49:in `dispatch'
actionpack (7.0.1) lib/action_dispatch/routing/route_set.rb:32:in `serve'
actionpack (7.0.1) lib/action_dispatch/journey/router.rb:50:in `block in serve'
actionpack (7.0.1) lib/action_dispatch/journey/router.rb:32:in `each'
actionpack (7.0.1) lib/action_dispatch/journey/router.rb:32:in `serve'
actionpack (7.0.1) lib/action_dispatch/routing/route_set.rb:850:in `call'
rack (2.2.3) lib/rack/tempfile_reaper.rb:15:in `call'
rack (2.2.3) lib/rack/etag.rb:27:in `call'
rack (2.2.3) lib/rack/conditional_get.rb:27:in `call'
rack (2.2.3) lib/rack/head.rb:12:in `call'
actionpack (7.0.1) lib/action_dispatch/http/permissions_policy.rb:22:in `call'
actionpack (7.0.1) lib/action_dispatch/http/content_security_policy.rb:18:in `call'
rack (2.2.3) lib/rack/session/abstract/id.rb:266:in `context'
rack (2.2.3) lib/rack/session/abstract/id.rb:260:in `call'
actionpack (7.0.1) lib/action_dispatch/middleware/cookies.rb:693:in `call'
activerecord (7.0.1) lib/active_record/migration.rb:603:in `call'
actionpack (7.0.1) lib/action_dispatch/middleware/callbacks.rb:27:in `block in call'
activesupport (7.0.1) lib/active_support/callbacks.rb:99:in `run_callbacks'
actionpack (7.0.1) lib/action_dispatch/middleware/callbacks.rb:26:in `call'
actionpack (7.0.1) lib/action_dispatch/middleware/executor.rb:14:in `call'
actionpack (7.0.1) lib/action_dispatch/middleware/actionable_exceptions.rb:17:in `call'
actionpack (7.0.1) lib/action_dispatch/middleware/debug_exceptions.rb:28:in `call'
web-console (4.2.0) lib/web_console/middleware.rb:132:in `call_app'
web-console (4.2.0) lib/web_console/middleware.rb:28:in `block in call'
web-console (4.2.0) lib/web_console/middleware.rb:17:in `catch'
web-console (4.2.0) lib/web_console/middleware.rb:17:in `call'
actionpack (7.0.1) lib/action_dispatch/middleware/show_exceptions.rb:26:in `call'
railties (7.0.1) lib/rails/rack/logger.rb:36:in `call_app'
railties (7.0.1) lib/rails/rack/logger.rb:25:in `block in call'
activesupport (7.0.1) lib/active_support/tagged_logging.rb:99:in `block in tagged'
activesupport (7.0.1) lib/active_support/tagged_logging.rb:37:in `tagged'
activesupport (7.0.1) lib/active_support/tagged_logging.rb:99:in `tagged'
railties (7.0.1) lib/rails/rack/logger.rb:25:in `call'
sprockets-rails (3.4.2) lib/sprockets/rails/quiet_assets.rb:13:in `call'
actionpack (7.0.1) lib/action_dispatch/middleware/remote_ip.rb:93:in `call'
actionpack (7.0.1) lib/action_dispatch/middleware/request_id.rb:26:in `call'
rack (2.2.3) lib/rack/method_override.rb:24:in `call'
rack (2.2.3) lib/rack/runtime.rb:22:in `call'
activesupport (7.0.1) lib/active_support/cache/strategy/local_cache_middleware.rb:29:in `call'
actionpack (7.0.1) lib/action_dispatch/middleware/server_timing.rb:20:in `call'
actionpack (7.0.1) lib/action_dispatch/middleware/executor.rb:14:in `call'
actionpack (7.0.1) lib/action_dispatch/middleware/static.rb:23:in `call'
rack (2.2.3) lib/rack/sendfile.rb:110:in `call'
actionpack (7.0.1) lib/action_dispatch/middleware/host_authorization.rb:137:in `call'
railties (7.0.1) lib/rails/engine.rb:530:in `call'
puma (5.6.1) lib/puma/configuration.rb:252:in `call'
puma (5.6.1) lib/puma/request.rb:77:in `block in handle_request'
puma (5.6.1) lib/puma/thread_pool.rb:340:in `with_force_shutdown'
puma (5.6.1) lib/puma/request.rb:76:in `handle_request'
puma (5.6.1) lib/puma/server.rb:441:in `process_client'
puma (5.6.1) lib/puma/thread_pool.rb:147:in `block in spawn_thread'
Started GET "/welcome/home" for 127.0.0.1 at 2022-02-01 21:35:40 +0100
Processing by WelcomeController#home as HTML
  Rendering layout layouts/application.html.erb
  Rendering welcome/home.html.erb within layouts/application
  Rendered welcome/home.html.erb within layouts/application (Duration: 1.5ms | Allocations: 190)
  Rendered layout layouts/application.html.erb (Duration: 1319.8ms | Allocations: 86294)
Completed 200 OK in 1345ms (Views: 1340.4ms | Allocations: 87495)


Started GET "/about/about" for 127.0.0.1 at 2022-02-01 21:40:23 +0100
Processing by AboutController#about as HTML
  Rendering layout layouts/application.html.erb
  Rendering about/about.html.erb within layouts/application
  Rendered about/about.html.erb within layouts/application (Duration: 1.8ms | Allocations: 194)
  Rendered layout layouts/application.html.erb (Duration: 74.4ms | Allocations: 14150)
Completed 200 OK in 88ms (Views: 83.3ms | Allocations: 15430)


Started GET "/welcome/about" for 127.0.0.1 at 2022-02-01 21:44:04 +0100
Processing by WelcomeController#about as HTML
  Rendering layout layouts/application.html.erb
  Rendering welcome/about.html.erb within layouts/application
  Rendered welcome/about.html.erb within layouts/application (Duration: 1.9ms | Allocations: 191)
  Rendered layout layouts/application.html.erb (Duration: 90.8ms | Allocations: 14227)
Completed 200 OK in 101ms (Views: 99.1ms | Allocations: 15501)


Started GET "/" for 127.0.0.1 at 2022-02-01 23:51:06 +0100
  [1m[35m (72.2ms)[0m  [1m[34mSELECT sqlite_version(*)[0m
Processing by Rails::WelcomeController#index as HTML
  Rendering /home/emmy/.rbenv/versions/3.1.0/lib/ruby/gems/3.1.0/gems/railties-7.0.1/lib/rails/templates/rails/welcome/index.html.erb
  Rendered /home/emmy/.rbenv/versions/3.1.0/lib/ruby/gems/3.1.0/gems/railties-7.0.1/lib/rails/templates/rails/welcome/index.html.erb (Duration: 37.9ms | Allocations: 769)
Completed 200 OK in 182ms (Views: 79.2ms | ActiveRecord: 0.0ms | Allocations: 6604)


Started GET "/welcome/home" for 127.0.0.1 at 2022-02-01 23:51:19 +0100
Processing by WelcomeController#home as HTML
  Rendering layout layouts/application.html.erb
  Rendering welcome/home.html.erb within layouts/application
  Rendered welcome/home.html.erb within layouts/application (Duration: 20.4ms | Allocations: 192)
  Rendered layout layouts/application.html.erb (Duration: 1392.5ms | Allocations: 34618)
Completed 200 OK in 1407ms (Views: 1403.0ms | ActiveRecord: 0.0ms | Allocations: 35981)


Started GET "/welcome/about" for 127.0.0.1 at 2022-02-01 23:51:32 +0100
Processing by WelcomeController#about as HTML
  Rendering layout layouts/application.html.erb
  Rendering welcome/about.html.erb within layouts/application
  Rendered welcome/about.html.erb within layouts/application (Duration: 25.0ms | Allocations: 165)
  Rendered layout layouts/application.html.erb (Duration: 45.3ms | Allocations: 2403)
Completed 200 OK in 58ms (Views: 50.2ms | ActiveRecord: 0.0ms | Allocations: 2750)


Started GET "/" for 127.0.0.1 at 2022-02-02 11:15:19 +0100
  [1m[35m (6.7ms)[0m  [1m[34mSELECT sqlite_version(*)[0m
Processing by Rails::WelcomeController#index as HTML
  Rendering /home/emmy/.rbenv/versions/3.1.0/lib/ruby/gems/3.1.0/gems/railties-7.0.1/lib/rails/templates/rails/welcome/index.html.erb
  Rendered /home/emmy/.rbenv/versions/3.1.0/lib/ruby/gems/3.1.0/gems/railties-7.0.1/lib/rails/templates/rails/welcome/index.html.erb (Duration: 33.3ms | Allocations: 769)
Completed 200 OK in 757ms (Views: 87.3ms | ActiveRecord: 0.0ms | Allocations: 6607)


Started GET "/welcome/about" for 127.0.0.1 at 2022-02-02 11:15:58 +0100
Processing by WelcomeController#about as HTML
  Rendering layout layouts/application.html.erb
  Rendering welcome/about.html.erb within layouts/application
  Rendered welcome/about.html.erb within layouts/application (Duration: 4.1ms | Allocations: 191)
  Rendered layout layouts/application.html.erb (Duration: 790.6ms | Allocations: 34616)
Completed 200 OK in 800ms (Views: 796.8ms | ActiveRecord: 0.0ms | Allocations: 35979)


Started GET "/welcome/home" for 127.0.0.1 at 2022-02-02 11:16:11 +0100
Processing by WelcomeController#home as HTML
  Rendering layout layouts/application.html.erb
  Rendering welcome/home.html.erb within layouts/application
  Rendered welcome/home.html.erb within layouts/application (Duration: 11.3ms | Allocations: 163)
  Rendered layout layouts/application.html.erb (Duration: 22.7ms | Allocations: 2403)
Completed 200 OK in 28ms (Views: 25.7ms | ActiveRecord: 0.0ms | Allocations: 2743)


Started GET "/" for 127.0.0.1 at 2022-02-02 18:19:36 +0100
  [1m[35m (13.0ms)[0m  [1m[34mSELECT sqlite_version(*)[0m
Processing by Rails::WelcomeController#index as HTML
  Rendering /home/emmy/.rbenv/versions/3.1.0/lib/ruby/gems/3.1.0/gems/railties-7.0.1/lib/rails/templates/rails/welcome/index.html.erb
  Rendered /home/emmy/.rbenv/versions/3.1.0/lib/ruby/gems/3.1.0/gems/railties-7.0.1/lib/rails/templates/rails/welcome/index.html.erb (Duration: 3.4ms | Allocations: 769)
Completed 200 OK in 26ms (Views: 11.0ms | ActiveRecord: 0.0ms | Allocations: 6605)


Started GET "/welcome/about" for 127.0.0.1 at 2022-02-02 18:19:44 +0100
Processing by WelcomeController#about as HTML
  Rendering layout layouts/application.html.erb
  Rendering welcome/about.html.erb within layouts/application
  Rendered welcome/about.html.erb within layouts/application (Duration: 55.9ms | Allocations: 4105)
  Rendered layout layouts/application.html.erb (Duration: 57.8ms | Allocations: 4214)
Completed 500 Internal Server Error in 71ms (ActiveRecord: 0.0ms | Allocations: 5552)


  
ActionView::Template::Error (uninitialized constant #<Class:0x00007f3fa6a1a620>::Welcome_home_path):
    1: <h1>Welcome to the about page</h1>
    2: 
    3: <%= link_to 'Home', Welcome_home_path %>
  
app/views/welcome/about.html.erb:3
Started GET "/welcome/about" for 127.0.0.1 at 2022-02-02 18:22:30 +0100
Processing by WelcomeController#about as HTML
  Rendering layout layouts/application.html.erb
  Rendering welcome/about.html.erb within layouts/application
  Rendered welcome/about.html.erb within layouts/application (Duration: 13.2ms | Allocations: 3545)
  Rendered layout layouts/application.html.erb (Duration: 15.3ms | Allocations: 3639)
Completed 500 Internal Server Error in 30ms (ActiveRecord: 0.0ms | Allocations: 4765)


  
ActionView::Template::Error (uninitialized constant #<Class:0x00007f3fa68082b0>::Welcome_about_path):
    1: <h1>Welcome to the about page</h1>
    2: 
    3: <%= link_to 'About', Welcome_about_path %>
  
app/views/welcome/about.html.erb:3
Started GET "/welcome/about" for 127.0.0.1 at 2022-02-02 18:25:44 +0100
Processing by WelcomeController#about as HTML
  Rendering layout layouts/application.html.erb
  Rendering welcome/about.html.erb within layouts/application
  Rendered welcome/about.html.erb within layouts/application (Duration: 21.4ms | Allocations: 3583)
  Rendered layout layouts/application.html.erb (Duration: 34.7ms | Allocations: 3678)
Completed 500 Internal Server Error in 59ms (Allocations: 4803)


  
ActionView::Template::Error (uninitialized constant #<Class:0x00007f3fbcda9550>::Welcome_about_path):
    1: <h1>Welcome to the about page</h1>
    2: 
    3: <%= link_to 'About', Welcome_about_path %>
    4: <%= link_to "Home", "/welcome/home" %>
  
app/views/welcome/about.html.erb:3
Started GET "/welcome/about" for 127.0.0.1 at 2022-02-02 18:26:04 +0100
Processing by WelcomeController#about as HTML
  Rendering layout layouts/application.html.erb
  Rendering welcome/about.html.erb within layouts/application
  Rendered welcome/about.html.erb within layouts/application (Duration: 2.9ms | Allocations: 268)
  Rendered layout layouts/application.html.erb (Duration: 349.3ms | Allocations: 34240)
Completed 200 OK in 369ms (Views: 366.1ms | Allocations: 35406)


Started GET "/welcome/home" for 127.0.0.1 at 2022-02-02 18:26:13 +0100
Processing by WelcomeController#home as HTML
  Rendering layout layouts/application.html.erb
  Rendering welcome/home.html.erb within layouts/application
  Rendered welcome/home.html.erb within layouts/application (Duration: 5.4ms | Allocations: 3514)
  Rendered layout layouts/application.html.erb (Duration: 6.5ms | Allocations: 3605)
Completed 500 Internal Server Error in 10ms (Allocations: 3923)


  
ActionView::Template::Error (uninitialized constant #<Class:0x00007f3fa69e0cb8>::Welcome_home_path):
    1: <h1>Welcome to the home page</h1>
    2: 
    3: <%= link_to 'Home', Welcome_home_path %>
  
app/views/welcome/home.html.erb:3
Started GET "/welcome/about" for 127.0.0.1 at 2022-02-02 18:26:18 +0100
Processing by WelcomeController#about as HTML
  Rendering layout layouts/application.html.erb
  Rendering welcome/about.html.erb within layouts/application
  Rendered welcome/about.html.erb within layouts/application (Duration: 1.0ms | Allocations: 29)
  Rendered layout layouts/application.html.erb (Duration: 51.4ms | Allocations: 2236)
Completed 200 OK in 59ms (Views: 55.5ms | Allocations: 2501)


Started GET "/welcome/about" for 127.0.0.1 at 2022-02-02 18:26:53 +0100
Processing by WelcomeController#about as HTML
  Rendering layout layouts/application.html.erb
  Rendering welcome/about.html.erb within layouts/application
  Rendered welcome/about.html.erb within layouts/application (Duration: 2.6ms | Allocations: 253)
  Rendered layout layouts/application.html.erb (Duration: 27.7ms | Allocations: 3018)
Completed 200 OK in 59ms (Views: 52.8ms | Allocations: 4144)


Started GET "/welcome/home" for 127.0.0.1 at 2022-02-02 18:26:56 +0100
Processing by WelcomeController#home as HTML
  Rendering layout layouts/application.html.erb
  Rendering welcome/home.html.erb within layouts/application
  Rendered welcome/home.html.erb within layouts/application (Duration: 13.0ms | Allocations: 205)
  Rendered layout layouts/application.html.erb (Duration: 37.7ms | Allocations: 2395)
Completed 200 OK in 44ms (Views: 40.9ms | Allocations: 2740)


Started GET "/welcome/about" for 127.0.0.1 at 2022-02-02 18:26:59 +0100
Processing by WelcomeController#about as HTML
  Rendering layout layouts/application.html.erb
  Rendering welcome/about.html.erb within layouts/application
  Rendered welcome/about.html.erb within layouts/application (Duration: 0.3ms | Allocations: 29)
  Rendered layout layouts/application.html.erb (Duration: 17.1ms | Allocations: 2224)
Completed 200 OK in 20ms (Views: 19.1ms | Allocations: 2491)


Started GET "/welcome/home" for 127.0.0.1 at 2022-02-02 18:27:00 +0100
Processing by WelcomeController#home as HTML
  Rendering layout layouts/application.html.erb
  Rendering welcome/home.html.erb within layouts/application
  Rendered welcome/home.html.erb within layouts/application (Duration: 0.4ms | Allocations: 29)
  Rendered layout layouts/application.html.erb (Duration: 35.8ms | Allocations: 2215)
Completed 200 OK in 39ms (Views: 38.2ms | Allocations: 2482)


Started GET "/welcome/about" for 127.0.0.1 at 2022-02-02 18:27:01 +0100
Processing by WelcomeController#about as HTML
  Rendering layout layouts/application.html.erb
  Rendering welcome/about.html.erb within layouts/application
  Rendered welcome/about.html.erb within layouts/application (Duration: 0.2ms | Allocations: 29)
  Rendered layout layouts/application.html.erb (Duration: 22.8ms | Allocations: 2215)
Completed 200 OK in 29ms (Views: 27.1ms | Allocations: 2482)


Started GET "/" for 127.0.0.1 at 2022-02-02 18:31:35 +0100
Processing by WelcomeController#home as HTML
  Rendering layout layouts/application.html.erb
  Rendering welcome/home.html.erb within layouts/application
  Rendered welcome/home.html.erb within layouts/application (Duration: 0.6ms | Allocations: 59)
  Rendered layout layouts/application.html.erb (Duration: 72.8ms | Allocations: 13741)
Completed 200 OK in 80ms (Views: 79.1ms | Allocations: 14688)


Started GET "/welcome/about" for 127.0.0.1 at 2022-02-02 18:31:40 +0100
Processing by WelcomeController#about as HTML
  Rendering layout layouts/application.html.erb
  Rendering welcome/about.html.erb within layouts/application
  Rendered welcome/about.html.erb within layouts/application (Duration: 0.6ms | Allocations: 30)
  Rendered layout layouts/application.html.erb (Duration: 40.9ms | Allocations: 2231)
Completed 200 OK in 44ms (Views: 43.0ms | Allocations: 2515)


Started GET "/welcome/home" for 127.0.0.1 at 2022-02-02 18:33:36 +0100
  
ActionController::RoutingError (No route matches [GET] "/welcome/home"):
  
Started GET "/welcome/home" for 127.0.0.1 at 2022-02-02 18:34:51 +0100
  
ActionController::RoutingError (No route matches [GET] "/welcome/home"):
  
Started GET "/" for 127.0.0.1 at 2022-02-02 18:35:03 +0100
Processing by WelcomeController#home as HTML
  Rendering layout layouts/application.html.erb
  Rendering welcome/home.html.erb within layouts/application
  Rendered welcome/home.html.erb within layouts/application (Duration: 3.6ms | Allocations: 254)
  Rendered layout layouts/application.html.erb (Duration: 90.4ms | Allocations: 14268)
Completed 200 OK in 100ms (Views: 96.8ms | Allocations: 15501)


Started GET "/about" for 127.0.0.1 at 2022-02-02 18:35:06 +0100
Processing by WelcomeController#about as HTML
  Rendering layout layouts/application.html.erb
  Rendering welcome/about.html.erb within layouts/application
  Rendered welcome/about.html.erb within layouts/application (Duration: 5.1ms | Allocations: 200)
  Rendered layout layouts/application.html.erb (Duration: 26.1ms | Allocations: 2401)
Completed 200 OK in 33ms (Views: 30.4ms | Allocations: 2738)


Started GET "/" for 127.0.0.1 at 2022-02-02 18:35:08 +0100
Processing by WelcomeController#home as HTML
  Rendering layout layouts/application.html.erb
  Rendering welcome/home.html.erb within layouts/application
  Rendered welcome/home.html.erb within layouts/application (Duration: 0.8ms | Allocations: 29)
  Rendered layout layouts/application.html.erb (Duration: 32.4ms | Allocations: 2215)
Completed 200 OK in 42ms (Views: 39.8ms | Allocations: 2482)


Started GET "/about" for 127.0.0.1 at 2022-02-02 18:35:09 +0100
Processing by WelcomeController#about as HTML
  Rendering layout layouts/application.html.erb
  Rendering welcome/about.html.erb within layouts/application
  Rendered welcome/about.html.erb within layouts/application (Duration: 0.5ms | Allocations: 28)
  Rendered layout layouts/application.html.erb (Duration: 45.2ms | Allocations: 2232)
Completed 200 OK in 53ms (Views: 51.7ms | Allocations: 2499)


Started GET "/" for 127.0.0.1 at 2022-02-02 18:35:11 +0100
Processing by WelcomeController#home as HTML
  Rendering layout layouts/application.html.erb
  Rendering welcome/home.html.erb within layouts/application
  Rendered welcome/home.html.erb within layouts/application (Duration: 0.5ms | Allocations: 29)
  Rendered layout layouts/application.html.erb (Duration: 36.2ms | Allocations: 2209)
Completed 200 OK in 50ms (Views: 48.2ms | Allocations: 2476)


Started GET "/about" for 127.0.0.1 at 2022-02-02 18:35:12 +0100
Processing by WelcomeController#about as HTML
  Rendering layout layouts/application.html.erb
  Rendering welcome/about.html.erb within layouts/application
  Rendered welcome/about.html.erb within layouts/application (Duration: 0.3ms | Allocations: 28)
  Rendered layout layouts/application.html.erb (Duration: 25.9ms | Allocations: 2220)
Completed 200 OK in 30ms (Views: 29.0ms | Allocations: 2487)


